{
  "stats": {
    "suites": 1,
    "tests": 2,
    "passes": 2,
    "pending": 0,
    "failures": 0,
    "start": "2023-02-21T15:58:34.879Z",
    "end": "2023-02-21T15:58:53.958Z",
    "duration": 19079,
    "testsRegistered": 2,
    "passPercent": 100,
    "pendingPercent": 0,
    "other": 0,
    "hasOther": false,
    "skipped": 0,
    "hasSkipped": false
  },
  "results": [
    {
      "uuid": "78a880c5-dddf-42f5-9d53-bca2b66348ab",
      "title": "",
      "fullFile": "cypress/e2e/search_google.cy.js",
      "file": "cypress/e2e/search_google.cy.js",
      "beforeHooks": [],
      "afterHooks": [],
      "tests": [],
      "suites": [
        {
          "uuid": "2daa4328-ca90-4292-a5c4-2a4c39921fa1",
          "title": "visit and search on google",
          "fullFile": "",
          "file": "",
          "beforeHooks": [],
          "afterHooks": [],
          "tests": [
            {
              "title": "Assert BitoPro title in result",
              "fullTitle": "visit and search on google Assert BitoPro title in result",
              "timedOut": null,
              "duration": 7480,
              "state": "passed",
              "speed": "medium",
              "pass": true,
              "fail": false,
              "pending": false,
              "context": null,
              "code": "cy.get('[id=\"res\"] [class=\"LC20lb MBeuO DKV0Md\"]', {\n  timeout: 5000\n}).should('contain', 'BitoPro 台灣幣託交易所');",
              "err": {},
              "uuid": "01b43352-9c99-4ccc-ad6a-d05dfe2964af",
              "parentUUID": "2daa4328-ca90-4292-a5c4-2a4c39921fa1",
              "isHook": false,
              "skipped": false
            },
            {
              "title": "Assert BitoPro website url in result",
              "fullTitle": "visit and search on google Assert BitoPro website url in result",
              "timedOut": null,
              "duration": 8619,
              "state": "passed",
              "speed": "medium",
              "pass": true,
              "fail": false,
              "pending": false,
              "context": null,
              "code": "cy.get('[id=\"res\"] a', {\n  timeout: 5000\n}).should('contain', 'https://www.bitopro.com');",
              "err": {},
              "uuid": "034ee7c3-854d-4f34-8085-fafc594d1d47",
              "parentUUID": "2daa4328-ca90-4292-a5c4-2a4c39921fa1",
              "isHook": false,
              "skipped": false
            }
          ],
          "suites": [],
          "passes": [
            "01b43352-9c99-4ccc-ad6a-d05dfe2964af",
            "034ee7c3-854d-4f34-8085-fafc594d1d47"
          ],
          "failures": [],
          "pending": [],
          "skipped": [],
          "duration": 16099,
          "root": false,
          "rootEmpty": false,
          "_timeout": 2000
        }
      ],
      "passes": [],
      "failures": [],
      "pending": [],
      "skipped": [],
      "duration": 0,
      "root": true,
      "rootEmpty": true,
      "_timeout": 2000
    }
  ],
  "meta": {
    "mocha": {
      "version": "7.0.1"
    },
    "mochawesome": {
      "options": {
        "quiet": false,
        "reportFilename": "mochawesome",
        "saveHtml": true,
        "saveJson": true,
        "consoleReporter": "spec",
        "useInlineDiffs": false,
        "code": true
      },
      "version": "7.1.3"
    },
    "marge": {
      "options": null,
      "version": "6.2.0"
    }
  }
}